<?xml version="1.0" encoding="UTF-8"?>
<!-- Generated by org.testng.reporters.JUnitReportReporter -->
<testsuite hostname="DESKTOP-8N66185" failures="0" tests="6" name="testing_Pack.Mytestclass" time="40.851" errors="0" timestamp="03 Aug 2018 07:41:07 GMT" skipped="0">
  <testcase classname="testing_Pack.Mytestclass" name="load_url" time="9.058"/>
  <testcase classname="testing_Pack.Mytestclass" name="add_record" time="8.327"/>
  <testcase classname="testing_Pack.Mytestclass" name="edit" time="7.738"/>
  <testcase classname="testing_Pack.Mytestclass" name="check_value" time="8.169"/>
  <testcase classname="testing_Pack.Mytestclass" name="delete" time="6.502"/>
  <testcase classname="testing_Pack.Mytestclass" name="finish" time="1.057"/>
</testsuite> <!-- testing_Pack.Mytestclass -->
